<?xml version="1.0" encoding="UTF-8"?>
<!-- Generated by org.testng.reporters.JUnitReportReporter -->
<testsuite hostname="Subbu" failures="0" tests="3" name="restAssured.TesFav" time="3.603" errors="0" timestamp="2024-04-19T19:37:47 IST" skipped="0">
  <testcase classname="restAssured.TesFav" name="whenFavoriteANonExistentQuoteThenErrorResponse" time="0.533"/>
  <testcase classname="restAssured.TesFav" name="whenFavoriteAQuoteThenDetailsAreCorrect" time="0.511"/>
  <testcase classname="restAssured.TesFav" name="createSession" time="2.559"/>
</testsuite> <!-- restAssured.TesFav -->
