<?xml version="1.0" encoding="UTF-8"?>
<!-- Generated by org.testng.reporters.JUnitReportReporter -->
<testsuite hostname="Subbu" failures="0" tests="5" name="restAssured.TestQuotes" time="5.446" errors="0" timestamp="2024-04-19T19:38:19 IST" skipped="0">
  <testcase classname="restAssured.TestQuotes" name="testQuotesByTag" time="0.463"/>
  <testcase classname="restAssured.TestQuotes" name="testGetRandomQuotes" time="2.723"/>
  <testcase classname="restAssured.TestQuotes" name="testSearchQuotesByKeyword" time="0.910"/>
  <testcase classname="restAssured.TestQuotes" name="testPaginatedQuoteResults" time="0.706"/>
  <testcase classname="restAssured.TestQuotes" name="testQuotesByAuthor" time="0.644"/>
</testsuite> <!-- restAssured.TestQuotes -->
